<?xml version="1.0" encoding="UTF-8"?>
<!-- Generated by org.testng.reporters.JUnitReportReporter -->
<testsuite hostname="LAPTOP-VL28O11O" failures="0" tests="3" name="com.editrecruitercheckedconsoller.endtoendtest.EndToEndTest" time="135.097" errors="0" timestamp="2021-10-04T16:36:48 IST" skipped="0">
  <testcase classname="com.editrecruitercheckedconsoller.endtoendtest.EndToEndTest" name="login" time="0.557"/>
  <system-out/>
  <testcase classname="com.editrecruitercheckedconsoller.endtoendtest.EndToEndTest" name="CheckedConsollerData" time="98.641"/>
  <system-out/>
  <testcase classname="com.editrecruitercheckedconsoller.endtoendtest.EndToEndTest" name="EditCheckedConsollerData" time="35.899"/>
  <system-out/>
</testsuite> <!-- com.editrecruitercheckedconsoller.endtoendtest.EndToEndTest -->
