<?xml version="1.0" encoding="UTF-8"?>
<!-- Generated by org.testng.reporters.JUnitReportReporter -->
<testsuite hostname="DESKTOP-GCV6TKI" failures="0" tests="4" name="com.columngenderdatebirth.End.EndToEnd" time="44.028" errors="0" timestamp="2021-10-04T15:59:21 IST" skipped="0">
  <testcase classname="com.columngenderdatebirth.End.EndToEnd" name="loginn" time="0.337"/>
  <system-out/>
  <testcase classname="com.columngenderdatebirth.End.EndToEnd" name="ColumnDate" time="28.008"/>
  <system-out/>
  <testcase classname="com.columngenderdatebirth.End.EndToEnd" name="logi" time="0.206"/>
  <system-out/>
  <testcase classname="com.columngenderdatebirth.End.EndToEnd" name="AgentColumnDate" time="15.477"/>
  <system-out/>
</testsuite> <!-- com.columngenderdatebirth.End.EndToEnd -->
