<?xml version="1.0" encoding="UTF-8"?>
<!-- Generated by org.testng.reporters.JUnitReportReporter -->
<testsuite hostname="DESKTOP-GCV6TKI" failures="0" tests="2" name="com.Agentcompanyoverview.End.EndToEnd" time="42.064" errors="0" timestamp="2021-10-04T16:04:42 IST" skipped="0">
  <testcase classname="com.Agentcompanyoverview.End.EndToEnd" name="login" time="0.273"/>
  <system-out/>
  <testcase classname="com.Agentcompanyoverview.End.EndToEnd" name="fourthlinecompany" time="41.791"/>
  <system-out/>
</testsuite> <!-- com.Agentcompanyoverview.End.EndToEnd -->
