<?xml version="1.0" encoding="UTF-8"?>
<!-- Generated by org.testng.reporters.JUnitReportReporter -->
<testsuite hostname="LAPTOP-VL28O11O" failures="0" tests="2" name="com.programsearchviewallprograms.endtoendtest.EndToEndTest" time="74.561" errors="0" timestamp="2021-10-04T17:22:26 IST" skipped="0">
  <testcase classname="com.programsearchviewallprograms.endtoendtest.EndToEndTest" name="login" time="0.610"/>
  <system-out/>
  <testcase classname="com.programsearchviewallprograms.endtoendtest.EndToEndTest" name="CreateStudentNotes" time="73.951"/>
  <system-out/>
</testsuite> <!-- com.programsearchviewallprograms.endtoendtest.EndToEndTest -->
