<?xml version="1.0" encoding="UTF-8"?>
<!-- Generated by org.testng.reporters.JUnitReportReporter -->
<testsuite hostname="LAPTOP-VL28O11O" failures="0" tests="2" name="com.institutionpartnertypecolumn.endtoendtest.EndToEndTest" time="36.219" errors="0" timestamp="2021-10-04T16:53:44 IST" skipped="0">
  <testcase classname="com.institutionpartnertypecolumn.endtoendtest.EndToEndTest" name="login" time="0.576"/>
  <system-out/>
  <testcase classname="com.institutionpartnertypecolumn.endtoendtest.EndToEndTest" name="CheckInstitutionPartnerTypeColumn" time="35.643"/>
  <system-out/>
</testsuite> <!-- com.institutionpartnertypecolumn.endtoendtest.EndToEndTest -->
