<?xml version="1.0" encoding="UTF-8"?>
<!-- Generated by org.testng.reporters.JUnitReportReporter -->
<testsuite hostname="DESKTOP-GCV6TKI" failures="0" tests="2" name="com.formui.end.EndToEnd" time="86.353" errors="0" timestamp="2021-10-04T16:08:53 IST" skipped="0">
  <testcase classname="com.formui.end.EndToEnd" name="log" time="0.244"/>
  <system-out/>
  <testcase classname="com.formui.end.EndToEnd" name="All" time="86.109"/>
  <system-out/>
</testsuite> <!-- com.formui.end.EndToEnd -->
