<?xml version="1.0" encoding="UTF-8"?>
<!-- Generated by org.testng.reporters.JUnitReportReporter -->
<testsuite hostname="DESKTOP-GCV6TKI" failures="0" tests="3" name="com.Reviewstatusdropdown.end.end" time="55.129" errors="0" timestamp="2021-10-22T16:34:19 IST" skipped="0">
  <testcase classname="com.Reviewstatusdropdown.end.end" name="intibase" time="21.350"/>
  <system-out/>
  <testcase classname="com.Reviewstatusdropdown.end.end" name="log" time="0.309"/>
  <system-out/>
  <testcase classname="com.Reviewstatusdropdown.end.end" name="Unifyusageui" time="33.470"/>
  <system-out/>
</testsuite> <!-- com.Reviewstatusdropdown.end.end -->
