<?xml version="1.0" encoding="UTF-8"?>
<!-- Generated by org.testng.reporters.JUnitReportReporter -->
<testsuite hostname="LAPTOP-VL28O11O" failures="0" tests="5" name="com.assigninstitutionsandcheck.endtoendtest.EndToEndTest" time="151.077" errors="0" timestamp="2021-10-04T17:51:21 IST" skipped="0">
  <testcase classname="com.assigninstitutionsandcheck.endtoendtest.EndToEndTest" name="login" time="0.453"/>
  <system-out/>
  <testcase classname="com.assigninstitutionsandcheck.endtoendtest.EndToEndTest" name="AssignGMOInstitutionsField" time="56.714"/>
  <system-out/>
  <testcase classname="com.assigninstitutionsandcheck.endtoendtest.EndToEndTest" name="AssignAbcodoInstitutionsField" time="21.019"/>
  <system-out/>
  <testcase classname="com.assigninstitutionsandcheck.endtoendtest.EndToEndTest" name="CheckPartnertypeColumnField" time="49.414"/>
  <system-out/>
  <testcase classname="com.assigninstitutionsandcheck.endtoendtest.EndToEndTest" name="CheckedCheckboxAndDeleteInstitutionsField" time="23.477"/>
  <system-out/>
</testsuite> <!-- com.assigninstitutionsandcheck.endtoendtest.EndToEndTest -->
