<?xml version="1.0" encoding="UTF-8"?>
<!-- Generated by org.testng.reporters.JUnitReportReporter -->
<testsuite hostname="LAPTOP-VL28O11O" failures="0" tests="2" name="com.findmanagercolumnInevents.endtoendtest.EndToEndTest" time="81.229" errors="0" timestamp="2021-10-04T16:03:06 IST" skipped="0">
  <testcase classname="com.findmanagercolumnInevents.endtoendtest.EndToEndTest" name="LoginMSMUnifyTeam" time="0.626"/>
  <system-out/>
  <testcase classname="com.findmanagercolumnInevents.endtoendtest.EndToEndTest" name="FindManagerColumnInEvents" time="80.603"/>
  <system-out/>
</testsuite> <!-- com.findmanagercolumnInevents.endtoendtest.EndToEndTest -->
