<?xml version="1.0" encoding="UTF-8"?>
<!-- Generated by org.testng.reporters.JUnitReportReporter -->
<testsuite hostname="DESKTOP-GCV6TKI" failures="0" tests="2" name="com.changestudentEmailID.end.EndToEnd" time="50.162" errors="0" timestamp="2021-10-04T16:27:10 IST" skipped="0">
  <testcase classname="com.changestudentEmailID.end.EndToEnd" name="log" time="0.280"/>
  <system-out/>
  <testcase classname="com.changestudentEmailID.end.EndToEnd" name="FromStudtEmlFi" time="49.882"/>
  <system-out/>
</testsuite> <!-- com.changestudentEmailID.end.EndToEnd -->
