<?xml version="1.0" encoding="UTF-8"?>
<!-- Generated by org.testng.reporters.JUnitReportReporter -->
<testsuite hostname="DESKTOP-GCV6TKI" failures="0" tests="2" name="com.Agentsignuppage.end.end" time="84.257" errors="0" timestamp="2021-10-22T17:42:05 IST" skipped="0">
  <testcase classname="com.Agentsignuppage.end.end" name="intibase" time="27.698"/>
  <system-out/>
  <testcase classname="com.Agentsignuppage.end.end" name="AddColumnui" time="56.559"/>
  <system-out/>
</testsuite> <!-- com.Agentsignuppage.end.end -->
