<?xml version="1.0" encoding="UTF-8"?>
<!-- Generated by org.testng.reporters.JUnitReportReporter -->
<testsuite hostname="LAPTOP-VL28O11O" failures="0" tests="2" name="com.checkhintstudentnotessection.endtoendtest.EndToEndTest" time="64.011" errors="0" timestamp="2021-10-04T17:16:14 IST" skipped="0">
  <testcase classname="com.checkhintstudentnotessection.endtoendtest.EndToEndTest" name="login" time="2.145"/>
  <system-out/>
  <testcase classname="com.checkhintstudentnotessection.endtoendtest.EndToEndTest" name="CreateStudentNotes" time="61.866"/>
  <system-out/>
</testsuite> <!-- com.checkhintstudentnotessection.endtoendtest.EndToEndTest -->
