<?xml version="1.0" encoding="UTF-8"?>
<!-- Generated by org.testng.reporters.JUnitReportReporter -->
<testsuite hostname="DESKTOP-GCV6TKI" failures="0" tests="2" name="com.instituteanysubject.End.EndToEndTest" time="170.630" errors="0" timestamp="2021-10-04T16:50:26 IST" skipped="0">
  <testcase classname="com.instituteanysubject.End.EndToEndTest" name="login" time="0.241"/>
  <system-out/>
  <testcase classname="com.instituteanysubject.End.EndToEndTest" name="SubjectsField" time="170.389"/>
  <system-out/>
</testsuite> <!-- com.instituteanysubject.End.EndToEndTest -->
