<?xml version="1.0" encoding="UTF-8"?>
<!-- Generated by org.testng.reporters.JUnitReportReporter -->
<testsuite hostname="LAPTOP-VL28O11O" failures="0" tests="2" name="com.studentnotessection.endtoendtest.EndToEndTest" time="100.220" errors="0" timestamp="2021-10-04T17:11:02 IST" skipped="0">
  <testcase classname="com.studentnotessection.endtoendtest.EndToEndTest" name="login" time="0.436"/>
  <system-out/>
  <testcase classname="com.studentnotessection.endtoendtest.EndToEndTest" name="CreateStudentNotes" time="99.784"/>
  <system-out/>
</testsuite> <!-- com.studentnotessection.endtoendtest.EndToEndTest -->
