<?xml version="1.0" encoding="UTF-8"?>
<!-- Generated by org.testng.reporters.JUnitReportReporter -->
<testsuite hostname="LAPTOP-VL28O11O" failures="0" tests="4" name="com.agentvarifyingprimaryemail.endtoendtest.EndToEndTest" time="281.774" errors="0" timestamp="2021-10-04T16:22:41 IST" skipped="0">
  <testcase classname="com.agentvarifyingprimaryemail.endtoendtest.EndToEndTest" name="CreateGMOAgentsInUAT" time="118.508"/>
  <system-out/>
  <testcase classname="com.agentvarifyingprimaryemail.endtoendtest.EndToEndTest" name="VarifyGMOAgentsEmailInMailinator" time="31.059"/>
  <system-out/>
  <testcase classname="com.agentvarifyingprimaryemail.endtoendtest.EndToEndTest" name="CreateNONGMOAgentsInUAT" time="99.018"/>
  <system-out/>
  <testcase classname="com.agentvarifyingprimaryemail.endtoendtest.EndToEndTest" name="VarifyNONGMOAgentsEmailInMailinator" time="33.189"/>
  <system-out/>
</testsuite> <!-- com.agentvarifyingprimaryemail.endtoendtest.EndToEndTest -->
