<?xml version="1.0" encoding="UTF-8"?>
<!-- Generated by org.testng.reporters.JUnitReportReporter -->
<testsuite hostname="DESKTOP-GCV6TKI" failures="0" tests="2" name="com.apprevievcolumn.End.EndToEnd" time="52.787" errors="0" timestamp="2021-10-04T16:02:40 IST" skipped="0">
  <testcase classname="com.apprevievcolumn.End.EndToEnd" name="login" time="0.227"/>
  <system-out/>
  <testcase classname="com.apprevievcolumn.End.EndToEnd" name="AppliReviewdrop" time="52.560"/>
  <system-out/>
</testsuite> <!-- com.apprevievcolumn.End.EndToEnd -->
