<?xml version="1.0" encoding="UTF-8"?>
<!-- Generated by org.testng.reporters.JUnitReportReporter -->
<testsuite hostname="LAPTOP-VL28O11O" failures="0" tests="3" name="com.marketingsection.endtoendtest.EndToEndTest" time="153.673" errors="0" timestamp="2021-10-04T16:47:55 IST" skipped="0">
  <testcase classname="com.marketingsection.endtoendtest.EndToEndTest" name="login" time="0.467"/>
  <system-out/>
  <testcase classname="com.marketingsection.endtoendtest.EndToEndTest" name="AddingMarketingCalling" time="85.409"/>
  <system-out/>
  <testcase classname="com.marketingsection.endtoendtest.EndToEndTest" name="CheckedMarketingCallingData" time="67.797"/>
  <system-out/>
</testsuite> <!-- com.marketingsection.endtoendtest.EndToEndTest -->
